android/app/build/intermediates/manifest_merge_blame_file/debug/processDebugMainManifest/manifest-merger-blame-debug-report.txt
1<?xml version="1.0" encoding="utf-8"?>
2<manifest xmlns:android="http://schemas.android.com/apk/res/android"
3    package="com.mylifemycashflow"
4    android:versionCode="2"
5    android:versionName="1.0.2" >
6
7    <uses-sdk
8        android:minSdkVersion="24"
9        android:targetSdkVersion="36" />
10
11    <uses-permission android:name="android.permission.SYSTEM_ALERT_WINDOW" />
11-->src\main\AndroidManifest.xml:7:3-75
11-->src\main\AndroidManifest.xml:7:20-73
12    <uses-permission android:name="android.permission.ACCESS_COARSE_LOCATION" />
12-->src\main\AndroidManifest.xml:2:3-78
12-->src\main\AndroidManifest.xml:2:20-76
13    <uses-permission android:name="android.permission.ACCESS_FINE_LOCATION" />
13-->src\main\AndroidManifest.xml:3:3-76
13-->src\main\AndroidManifest.xml:3:20-74
14    <uses-permission android:name="android.permission.INTERNET" />
14-->src\main\AndroidManifest.xml:4:3-64
14-->src\main\AndroidManifest.xml:4:20-62
15    <uses-permission
15-->src\main\AndroidManifest.xml:5:3-77
16        android:name="android.permission.READ_EXTERNAL_STORAGE"
16-->src\main\AndroidManifest.xml:5:20-75
17        android:maxSdkVersion="32" />
17-->[BareExpo:expo.modules.image:3.0.11] AndroidManifest.xml:17:9-35
18    <uses-permission android:name="android.permission.RECORD_AUDIO" />
18-->src\main\AndroidManifest.xml:6:3-68
18-->src\main\AndroidManifest.xml:6:20-66
19    <uses-permission android:name="android.permission.VIBRATE" />
19-->src\main\AndroidManifest.xml:8:3-63
19-->src\main\AndroidManifest.xml:8:20-61
20    <uses-permission android:name="android.permission.WRITE_EXTERNAL_STORAGE" />
20-->src\main\AndroidManifest.xml:9:3-78
20-->src\main\AndroidManifest.xml:9:20-76
21    <uses-permission android:name="com.android.vending.BILLING" />
21-->src\main\AndroidManifest.xml:10:3-64
21-->src\main\AndroidManifest.xml:10:20-62
22
23    <queries>
23-->src\main\AndroidManifest.xml:11:3-17:13
24        <intent>
24-->src\main\AndroidManifest.xml:12:5-16:14
25            <action android:name="android.intent.action.VIEW" />
25-->src\main\AndroidManifest.xml:13:7-58
25-->src\main\AndroidManifest.xml:13:15-56
26
27            <category android:name="android.intent.category.BROWSABLE" />
27-->src\main\AndroidManifest.xml:14:7-67
27-->src\main\AndroidManifest.xml:14:17-65
28
29            <data android:scheme="https" />
29-->src\main\AndroidManifest.xml:15:7-37
29-->src\main\AndroidManifest.xml:15:13-35
30        </intent>
31        <!-- Query open documents -->
32        <intent>
32-->[host.exp.exponent:expo.modules.filesystem:19.0.21] AndroidManifest.xml:15:9-17:18
33            <action android:name="android.intent.action.OPEN_DOCUMENT_TREE" />
33-->[host.exp.exponent:expo.modules.filesystem:19.0.21] AndroidManifest.xml:16:13-79
33-->[host.exp.exponent:expo.modules.filesystem:19.0.21] AndroidManifest.xml:16:21-76
34        </intent>
35        <intent>
35-->[host.exp.exponent:expo.modules.imagepicker:17.0.10] AndroidManifest.xml:15:9-19:18
36
37            <!-- Required for picking images from the camera roll if targeting API 30 -->
38            <action android:name="android.media.action.IMAGE_CAPTURE" />
38-->[host.exp.exponent:expo.modules.imagepicker:17.0.10] AndroidManifest.xml:18:13-73
38-->[host.exp.exponent:expo.modules.imagepicker:17.0.10] AndroidManifest.xml:18:21-70
39        </intent>
40        <intent>
40-->[host.exp.exponent:expo.modules.imagepicker:17.0.10] AndroidManifest.xml:20:9-24:18
41
42            <!-- Required for picking images from the camera if targeting API 30 -->
43            <action android:name="android.media.action.ACTION_VIDEO_CAPTURE" />
43-->[host.exp.exponent:expo.modules.imagepicker:17.0.10] AndroidManifest.xml:23:13-80
43-->[host.exp.exponent:expo.modules.imagepicker:17.0.10] AndroidManifest.xml:23:21-77
44        </intent>
45        <intent>
45-->[host.exp.exponent:expo.modules.webbrowser:15.0.10] AndroidManifest.xml:8:9-12:18
46
47            <!-- Required for opening tabs if targeting API 30 -->
48            <action android:name="android.support.customtabs.action.CustomTabsService" />
48-->[host.exp.exponent:expo.modules.webbrowser:15.0.10] AndroidManifest.xml:11:13-90
48-->[host.exp.exponent:expo.modules.webbrowser:15.0.10] AndroidManifest.xml:11:21-87
49        </intent>
50        <intent>
50-->[com.vanniktech:android-image-cropper:4.6.0] AndroidManifest.xml:8:9-14:18
51            <action android:name="android.intent.action.GET_CONTENT" />
51-->[com.vanniktech:android-image-cropper:4.6.0] AndroidManifest.xml:9:13-72
51-->[com.vanniktech:android-image-cropper:4.6.0] AndroidManifest.xml:9:21-69
52
53            <category android:name="android.intent.category.OPENABLE" />
53-->[com.vanniktech:android-image-cropper:4.6.0] AndroidManifest.xml:11:13-73
53-->[com.vanniktech:android-image-cropper:4.6.0] AndroidManifest.xml:11:23-70
54
55            <data android:mimeType="*/*" />
55-->src\main\AndroidManifest.xml:15:7-37
56        </intent>
57        <intent>
57-->[com.android.billingclient:billing:8.3.0] AndroidManifest.xml:13:9-15:18
58            <action android:name="com.android.vending.billing.InAppBillingService.BIND" />
58-->[com.android.billingclient:billing:8.3.0] AndroidManifest.xml:14:13-91
58-->[com.android.billingclient:billing:8.3.0] AndroidManifest.xml:14:21-88
59        </intent>
60        <intent>
60-->[com.android.billingclient:billing:8.3.0] AndroidManifest.xml:16:9-18:18
61            <action android:name="com.google.android.apps.play.billingtestcompanion.BillingOverrideService.BIND" />
61-->[com.android.billingclient:billing:8.3.0] AndroidManifest.xml:17:13-116
61-->[com.android.billingclient:billing:8.3.0] AndroidManifest.xml:17:21-113
62        </intent>
63    </queries>
64
65    <uses-permission android:name="android.permission.ACCESS_NETWORK_STATE" /> <!-- Required for picking images from camera directly -->
65-->[:expo-updates] AndroidManifest.xml:7:5-79
65-->[:expo-updates] AndroidManifest.xml:7:22-76
66    <uses-permission android:name="android.permission.CAMERA" />
66-->[host.exp.exponent:expo.modules.imagepicker:17.0.10] AndroidManifest.xml:8:5-65
66-->[host.exp.exponent:expo.modules.imagepicker:17.0.10] AndroidManifest.xml:8:22-62
67    <uses-permission android:name="android.permission.RECEIVE_BOOT_COMPLETED" />
67-->[host.exp.exponent:expo.modules.notifications:0.32.16] AndroidManifest.xml:7:5-81
67-->[host.exp.exponent:expo.modules.notifications:0.32.16] AndroidManifest.xml:7:22-78
68    <uses-permission android:name="android.permission.POST_NOTIFICATIONS" />
68-->[host.exp.exponent:expo.modules.notifications:0.32.16] AndroidManifest.xml:8:5-77
68-->[host.exp.exponent:expo.modules.notifications:0.32.16] AndroidManifest.xml:8:22-74
69    <uses-permission android:name="android.permission.WAKE_LOCK" /> <!-- Required by older versions of Google Play services to create IID tokens -->
69-->[com.google.firebase:firebase-messaging:24.0.1] AndroidManifest.xml:24:5-68
69-->[com.google.firebase:firebase-messaging:24.0.1] AndroidManifest.xml:24:22-65
70    <uses-permission android:name="com.google.android.c2dm.permission.RECEIVE" />
70-->[com.google.firebase:firebase-messaging:24.0.1] AndroidManifest.xml:26:5-82
70-->[com.google.firebase:firebase-messaging:24.0.1] AndroidManifest.xml:26:22-79
71
72    <permission
72-->[androidx.core:core:1.16.0] AndroidManifest.xml:22:5-24:47
73        android:name="com.mylifemycashflow.DYNAMIC_RECEIVER_NOT_EXPORTED_PERMISSION"
73-->[androidx.core:core:1.16.0] AndroidManifest.xml:23:9-81
74        android:protectionLevel="signature" />
74-->[androidx.core:core:1.16.0] AndroidManifest.xml:24:9-44
75
76    <uses-permission android:name="com.mylifemycashflow.DYNAMIC_RECEIVER_NOT_EXPORTED_PERMISSION" />
76-->[androidx.core:core:1.16.0] AndroidManifest.xml:26:5-97
76-->[androidx.core:core:1.16.0] AndroidManifest.xml:26:22-94
77    <uses-permission android:name="com.google.android.finsky.permission.BIND_GET_INSTALL_REFERRER_SERVICE" /> <!-- for android -->
77-->[com.android.installreferrer:installreferrer:2.2] AndroidManifest.xml:9:5-110
77-->[com.android.installreferrer:installreferrer:2.2] AndroidManifest.xml:9:22-107
78    <!-- <uses-permission android:name="com.android.launcher.permission.READ_SETTINGS"/> -->
79    <!-- <uses-permission android:name="com.android.launcher.permission.WRITE_SETTINGS"/> -->
80    <!-- <uses-permission android:name="com.android.launcher.permission.INSTALL_SHORTCUT" /> -->
81    <!-- <uses-permission android:name="com.android.launcher.permission.UNINSTALL_SHORTCUT" /> -->
82    <!-- for Samsung -->
83    <uses-permission android:name="com.sec.android.provider.badge.permission.READ" />
83-->[me.leolin:ShortcutBadger:1.1.22] AndroidManifest.xml:19:5-86
83-->[me.leolin:ShortcutBadger:1.1.22] AndroidManifest.xml:19:22-83
84    <uses-permission android:name="com.sec.android.provider.badge.permission.WRITE" /> <!-- for htc -->
84-->[me.leolin:ShortcutBadger:1.1.22] AndroidManifest.xml:20:5-87
84-->[me.leolin:ShortcutBadger:1.1.22] AndroidManifest.xml:20:22-84
85    <uses-permission android:name="com.htc.launcher.permission.READ_SETTINGS" />
85-->[me.leolin:ShortcutBadger:1.1.22] AndroidManifest.xml:23:5-81
85-->[me.leolin:ShortcutBadger:1.1.22] AndroidManifest.xml:23:22-78
86    <uses-permission android:name="com.htc.launcher.permission.UPDATE_SHORTCUT" /> <!-- for sony -->
86-->[me.leolin:ShortcutBadger:1.1.22] AndroidManifest.xml:24:5-83
86-->[me.leolin:ShortcutBadger:1.1.22] AndroidManifest.xml:24:22-80
87    <uses-permission android:name="com.sonyericsson.home.permission.BROADCAST_BADGE" />
87-->[me.leolin:ShortcutBadger:1.1.22] AndroidManifest.xml:27:5-88
87-->[me.leolin:ShortcutBadger:1.1.22] AndroidManifest.xml:27:22-85
88    <uses-permission android:name="com.sonymobile.home.permission.PROVIDER_INSERT_BADGE" /> <!-- for apex -->
88-->[me.leolin:ShortcutBadger:1.1.22] AndroidManifest.xml:28:5-92
88-->[me.leolin:ShortcutBadger:1.1.22] AndroidManifest.xml:28:22-89
89    <uses-permission android:name="com.anddoes.launcher.permission.UPDATE_COUNT" /> <!-- for solid -->
89-->[me.leolin:ShortcutBadger:1.1.22] AndroidManifest.xml:31:5-84
89-->[me.leolin:ShortcutBadger:1.1.22] AndroidManifest.xml:31:22-81
90    <uses-permission android:name="com.majeur.launcher.permission.UPDATE_BADGE" /> <!-- for huawei -->
90-->[me.leolin:ShortcutBadger:1.1.22] AndroidManifest.xml:34:5-83
90-->[me.leolin:ShortcutBadger:1.1.22] AndroidManifest.xml:34:22-80
91    <uses-permission android:name="com.huawei.android.launcher.permission.CHANGE_BADGE" />
91-->[me.leolin:ShortcutBadger:1.1.22] AndroidManifest.xml:37:5-91
91-->[me.leolin:ShortcutBadger:1.1.22] AndroidManifest.xml:37:22-88
92    <uses-permission android:name="com.huawei.android.launcher.permission.READ_SETTINGS" />
92-->[me.leolin:ShortcutBadger:1.1.22] AndroidManifest.xml:38:5-92
92-->[me.leolin:ShortcutBadger:1.1.22] AndroidManifest.xml:38:22-89
93    <uses-permission android:name="com.huawei.android.launcher.permission.WRITE_SETTINGS" /> <!-- for ZUK -->
93-->[me.leolin:ShortcutBadger:1.1.22] AndroidManifest.xml:39:5-93
93-->[me.leolin:ShortcutBadger:1.1.22] AndroidManifest.xml:39:22-90
94    <uses-permission android:name="android.permission.READ_APP_BADGE" /> <!-- for OPPO -->
94-->[me.leolin:ShortcutBadger:1.1.22] AndroidManifest.xml:42:5-73
94-->[me.leolin:ShortcutBadger:1.1.22] AndroidManifest.xml:42:22-70
95    <uses-permission android:name="com.oppo.launcher.permission.READ_SETTINGS" />
95-->[me.leolin:ShortcutBadger:1.1.22] AndroidManifest.xml:45:5-82
95-->[me.leolin:ShortcutBadger:1.1.22] AndroidManifest.xml:45:22-79
96    <uses-permission android:name="com.oppo.launcher.permission.WRITE_SETTINGS" /> <!-- for EvMe -->
96-->[me.leolin:ShortcutBadger:1.1.22] AndroidManifest.xml:46:5-83
96-->[me.leolin:ShortcutBadger:1.1.22] AndroidManifest.xml:46:22-80
97    <uses-permission android:name="me.everything.badger.permission.BADGE_COUNT_READ" />
97-->[me.leolin:ShortcutBadger:1.1.22] AndroidManifest.xml:49:5-88
97-->[me.leolin:ShortcutBadger:1.1.22] AndroidManifest.xml:49:22-85
98    <uses-permission android:name="me.everything.badger.permission.BADGE_COUNT_WRITE" />
98-->[me.leolin:ShortcutBadger:1.1.22] AndroidManifest.xml:50:5-89
98-->[me.leolin:ShortcutBadger:1.1.22] AndroidManifest.xml:50:22-86
99
100    <application
100-->src\main\AndroidManifest.xml:18:3-36:17
101        android:name="com.mylifemycashflow.MainApplication"
101-->src\main\AndroidManifest.xml:18:16-47
102        android:allowBackup="true"
102-->src\main\AndroidManifest.xml:18:162-188
103        android:appComponentFactory="androidx.core.app.CoreComponentFactory"
103-->[androidx.core:core:1.16.0] AndroidManifest.xml:28:18-86
104        android:debuggable="true"
105        android:enableOnBackInvokedCallback="false"
105-->src\main\AndroidManifest.xml:18:248-291
106        android:extractNativeLibs="false"
107        android:icon="@mipmap/ic_launcher"
107-->src\main\AndroidManifest.xml:18:81-115
108        android:label="@string/app_name"
108-->src\main\AndroidManifest.xml:18:48-80
109        android:roundIcon="@mipmap/ic_launcher_round"
109-->src\main\AndroidManifest.xml:18:116-161
110        android:supportsRtl="true"
110-->src\main\AndroidManifest.xml:18:221-247
111        android:theme="@style/AppTheme"
111-->src\main\AndroidManifest.xml:18:189-220
112        android:usesCleartextTraffic="true" >
112-->src\debug\AndroidManifest.xml:6:18-53
113        <meta-data
113-->src\main\AndroidManifest.xml:19:5-82
114            android:name="expo.modules.updates.ENABLED"
114-->src\main\AndroidManifest.xml:19:16-59
115            android:value="true" />
115-->src\main\AndroidManifest.xml:19:60-80
116        <meta-data
116-->src\main\AndroidManifest.xml:20:5-119
117            android:name="expo.modules.updates.EXPO_RUNTIME_VERSION"
117-->src\main\AndroidManifest.xml:20:16-72
118            android:value="@string/expo_runtime_version" />
118-->src\main\AndroidManifest.xml:20:73-117
119        <meta-data
119-->src\main\AndroidManifest.xml:21:5-105
120            android:name="expo.modules.updates.EXPO_UPDATES_CHECK_ON_LAUNCH"
120-->src\main\AndroidManifest.xml:21:16-80
121            android:value="ALWAYS" />
121-->src\main\AndroidManifest.xml:21:81-103
122        <meta-data
122-->src\main\AndroidManifest.xml:22:5-99
123            android:name="expo.modules.updates.EXPO_UPDATES_LAUNCH_WAIT_MS"
123-->src\main\AndroidManifest.xml:22:16-79
124            android:value="0" />
124-->src\main\AndroidManifest.xml:22:80-97
125        <meta-data
125-->src\main\AndroidManifest.xml:23:5-141
126            android:name="expo.modules.updates.EXPO_UPDATE_URL"
126-->src\main\AndroidManifest.xml:23:16-67
127            android:value="https://u.expo.dev/544bfd7d-c1d3-4081-b9f2-dad5263d3fbb" />
127-->src\main\AndroidManifest.xml:23:68-139
128
129        <activity
129-->src\main\AndroidManifest.xml:24:5-35:16
130            android:name="com.mylifemycashflow.MainActivity"
130-->src\main\AndroidManifest.xml:24:15-43
131            android:configChanges="keyboard|keyboardHidden|orientation|screenSize|screenLayout|uiMode"
131-->src\main\AndroidManifest.xml:24:44-134
132            android:exported="true"
132-->src\main\AndroidManifest.xml:24:256-279
133            android:launchMode="singleTask"
133-->src\main\AndroidManifest.xml:24:135-166
134            android:screenOrientation="portrait"
134-->src\main\AndroidManifest.xml:24:280-316
135            android:theme="@style/Theme.App.SplashScreen"
135-->src\main\AndroidManifest.xml:24:210-255
136            android:windowSoftInputMode="adjustResize" >
136-->src\main\AndroidManifest.xml:24:167-209
137            <intent-filter>
137-->src\main\AndroidManifest.xml:25:7-28:23
138                <action android:name="android.intent.action.MAIN" />
138-->src\main\AndroidManifest.xml:26:9-60
138-->src\main\AndroidManifest.xml:26:17-58
139
140                <category android:name="android.intent.category.LAUNCHER" />
140-->src\main\AndroidManifest.xml:27:9-68
140-->src\main\AndroidManifest.xml:27:19-66
141            </intent-filter>
142            <intent-filter>
142-->src\main\AndroidManifest.xml:29:7-34:23
143                <action android:name="android.intent.action.VIEW" />
143-->src\main\AndroidManifest.xml:13:7-58
143-->src\main\AndroidManifest.xml:13:15-56
144
145                <category android:name="android.intent.category.DEFAULT" />
145-->src\main\AndroidManifest.xml:31:9-67
145-->src\main\AndroidManifest.xml:31:19-65
146                <category android:name="android.intent.category.BROWSABLE" />
146-->src\main\AndroidManifest.xml:14:7-67
146-->src\main\AndroidManifest.xml:14:17-65
147
148                <data android:scheme="mylifemycashflow" />
148-->src\main\AndroidManifest.xml:15:7-37
148-->src\main\AndroidManifest.xml:15:13-35
149            </intent-filter>
150        </activity>
151
152        <meta-data
152-->[:expo-modules-core] AndroidManifest.xml:9:9-11:89
153            android:name="org.unimodules.core.AppLoader#react-native-headless"
153-->[:expo-modules-core] AndroidManifest.xml:10:13-79
154            android:value="expo.modules.adapters.react.apploader.RNHeadlessAppLoader" />
154-->[:expo-modules-core] AndroidManifest.xml:11:13-86
155        <meta-data
155-->[:expo-modules-core] AndroidManifest.xml:12:9-15:45
156            android:name="com.facebook.soloader.enabled"
156-->[:expo-modules-core] AndroidManifest.xml:13:13-57
157            android:value="true" />
157-->[:expo-modules-core] AndroidManifest.xml:14:13-33
158
159        <activity
159-->[com.facebook.react:react-android:0.81.5] AndroidManifest.xml:19:9-21:40
160            android:name="com.facebook.react.devsupport.DevSettingsActivity"
160-->[com.facebook.react:react-android:0.81.5] AndroidManifest.xml:20:13-77
161            android:exported="false" />
161-->[com.facebook.react:react-android:0.81.5] AndroidManifest.xml:21:13-37
162
163        <provider
163-->[host.exp.exponent:expo.modules.filesystem:19.0.21] AndroidManifest.xml:21:9-30:20
164            android:name="expo.modules.filesystem.FileSystemFileProvider"
164-->[host.exp.exponent:expo.modules.filesystem:19.0.21] AndroidManifest.xml:22:13-74
165            android:authorities="com.mylifemycashflow.FileSystemFileProvider"
165-->[host.exp.exponent:expo.modules.filesystem:19.0.21] AndroidManifest.xml:23:13-74
166            android:exported="false"
166-->[host.exp.exponent:expo.modules.filesystem:19.0.21] AndroidManifest.xml:24:13-37
167            android:grantUriPermissions="true" >
167-->[host.exp.exponent:expo.modules.filesystem:19.0.21] AndroidManifest.xml:25:13-47
168            <meta-data
168-->[host.exp.exponent:expo.modules.filesystem:19.0.21] AndroidManifest.xml:27:13-29:70
169                android:name="android.support.FILE_PROVIDER_PATHS"
169-->[host.exp.exponent:expo.modules.filesystem:19.0.21] AndroidManifest.xml:28:17-67
170                android:resource="@xml/file_system_provider_paths" />
170-->[host.exp.exponent:expo.modules.filesystem:19.0.21] AndroidManifest.xml:29:17-67
171        </provider>
172
173        <service
173-->[host.exp.exponent:expo.modules.imagepicker:17.0.10] AndroidManifest.xml:28:9-40:19
174            android:name="com.google.android.gms.metadata.ModuleDependencies"
174-->[host.exp.exponent:expo.modules.imagepicker:17.0.10] AndroidManifest.xml:29:13-78
175            android:enabled="false"
175-->[host.exp.exponent:expo.modules.imagepicker:17.0.10] AndroidManifest.xml:30:13-36
176            android:exported="false" >
176-->[host.exp.exponent:expo.modules.imagepicker:17.0.10] AndroidManifest.xml:31:13-37
177            <intent-filter>
177-->[host.exp.exponent:expo.modules.imagepicker:17.0.10] AndroidManifest.xml:33:13-35:29
178                <action android:name="com.google.android.gms.metadata.MODULE_DEPENDENCIES" />
178-->[host.exp.exponent:expo.modules.imagepicker:17.0.10] AndroidManifest.xml:34:17-94
178-->[host.exp.exponent:expo.modules.imagepicker:17.0.10] AndroidManifest.xml:34:25-91
179            </intent-filter>
180
181            <meta-data
181-->[host.exp.exponent:expo.modules.imagepicker:17.0.10] AndroidManifest.xml:37:13-39:36
182                android:name="photopicker_activity:0:required"
182-->[host.exp.exponent:expo.modules.imagepicker:17.0.10] AndroidManifest.xml:38:17-63
183                android:value="" />
183-->[host.exp.exponent:expo.modules.imagepicker:17.0.10] AndroidManifest.xml:39:17-33
184        </service>
185
186        <activity
186-->[host.exp.exponent:expo.modules.imagepicker:17.0.10] AndroidManifest.xml:42:9-46:48
187            android:name="expo.modules.imagepicker.ExpoCropImageActivity"
187-->[host.exp.exponent:expo.modules.imagepicker:17.0.10] AndroidManifest.xml:43:13-74
188            android:exported="false"
188-->[host.exp.exponent:expo.modules.imagepicker:17.0.10] AndroidManifest.xml:44:13-37
189            android:theme="@style/Base.Theme.AppCompat" /> <!-- https://developer.android.com/guide/topics/manifest/provider-element.html -->
189-->[host.exp.exponent:expo.modules.imagepicker:17.0.10] AndroidManifest.xml:45:13-56
190        <provider
190-->[host.exp.exponent:expo.modules.imagepicker:17.0.10] AndroidManifest.xml:48:9-56:20
191            android:name="expo.modules.imagepicker.fileprovider.ImagePickerFileProvider"
191-->[host.exp.exponent:expo.modules.imagepicker:17.0.10] AndroidManifest.xml:49:13-89
192            android:authorities="com.mylifemycashflow.ImagePickerFileProvider"
192-->[host.exp.exponent:expo.modules.imagepicker:17.0.10] AndroidManifest.xml:50:13-75
193            android:exported="false"
193-->[host.exp.exponent:expo.modules.imagepicker:17.0.10] AndroidManifest.xml:51:13-37
194            android:grantUriPermissions="true" >
194-->[host.exp.exponent:expo.modules.imagepicker:17.0.10] AndroidManifest.xml:52:13-47
195            <meta-data
195-->[host.exp.exponent:expo.modules.filesystem:19.0.21] AndroidManifest.xml:27:13-29:70
196                android:name="android.support.FILE_PROVIDER_PATHS"
196-->[host.exp.exponent:expo.modules.filesystem:19.0.21] AndroidManifest.xml:28:17-67
197                android:resource="@xml/image_picker_provider_paths" />
197-->[host.exp.exponent:expo.modules.filesystem:19.0.21] AndroidManifest.xml:29:17-67
198        </provider>
199
200        <service
200-->[host.exp.exponent:expo.modules.location:19.0.8] AndroidManifest.xml:11:9-14:56
201            android:name="expo.modules.location.services.LocationTaskService"
201-->[host.exp.exponent:expo.modules.location:19.0.8] AndroidManifest.xml:12:13-78
202            android:exported="false"
202-->[host.exp.exponent:expo.modules.location:19.0.8] AndroidManifest.xml:13:13-37
203            android:foregroundServiceType="location" />
203-->[host.exp.exponent:expo.modules.location:19.0.8] AndroidManifest.xml:14:13-53
204        <service
204-->[host.exp.exponent:expo.modules.notifications:0.32.16] AndroidManifest.xml:11:9-17:19
205            android:name="expo.modules.notifications.service.ExpoFirebaseMessagingService"
205-->[host.exp.exponent:expo.modules.notifications:0.32.16] AndroidManifest.xml:12:13-91
206            android:exported="false" >
206-->[host.exp.exponent:expo.modules.notifications:0.32.16] AndroidManifest.xml:13:13-37
207            <intent-filter android:priority="-1" >
207-->[host.exp.exponent:expo.modules.notifications:0.32.16] AndroidManifest.xml:14:13-16:29
207-->[host.exp.exponent:expo.modules.notifications:0.32.16] AndroidManifest.xml:14:28-49
208                <action android:name="com.google.firebase.MESSAGING_EVENT" />
208-->[host.exp.exponent:expo.modules.notifications:0.32.16] AndroidManifest.xml:15:17-78
208-->[host.exp.exponent:expo.modules.notifications:0.32.16] AndroidManifest.xml:15:25-75
209            </intent-filter>
210        </service>
211
212        <receiver
212-->[host.exp.exponent:expo.modules.notifications:0.32.16] AndroidManifest.xml:19:9-31:20
213            android:name="expo.modules.notifications.service.NotificationsService"
213-->[host.exp.exponent:expo.modules.notifications:0.32.16] AndroidManifest.xml:20:13-83
214            android:enabled="true"
214-->[host.exp.exponent:expo.modules.notifications:0.32.16] AndroidManifest.xml:21:13-35
215            android:exported="false" >
215-->[host.exp.exponent:expo.modules.notifications:0.32.16] AndroidManifest.xml:22:13-37
216            <intent-filter android:priority="-1" >
216-->[host.exp.exponent:expo.modules.notifications:0.32.16] AndroidManifest.xml:23:13-30:29
216-->[host.exp.exponent:expo.modules.notifications:0.32.16] AndroidManifest.xml:23:28-49
217                <action android:name="expo.modules.notifications.NOTIFICATION_EVENT" />
217-->[host.exp.exponent:expo.modules.notifications:0.32.16] AndroidManifest.xml:24:17-88
217-->[host.exp.exponent:expo.modules.notifications:0.32.16] AndroidManifest.xml:24:25-85
218                <action android:name="android.intent.action.BOOT_COMPLETED" />
218-->[host.exp.exponent:expo.modules.notifications:0.32.16] AndroidManifest.xml:25:17-79
218-->[host.exp.exponent:expo.modules.notifications:0.32.16] AndroidManifest.xml:25:25-76
219                <action android:name="android.intent.action.REBOOT" />
219-->[host.exp.exponent:expo.modules.notifications:0.32.16] AndroidManifest.xml:26:17-71
219-->[host.exp.exponent:expo.modules.notifications:0.32.16] AndroidManifest.xml:26:25-68
220                <action android:name="android.intent.action.QUICKBOOT_POWERON" />
220-->[host.exp.exponent:expo.modules.notifications:0.32.16] AndroidManifest.xml:27:17-82
220-->[host.exp.exponent:expo.modules.notifications:0.32.16] AndroidManifest.xml:27:25-79
221                <action android:name="com.htc.intent.action.QUICKBOOT_POWERON" />
221-->[host.exp.exponent:expo.modules.notifications:0.32.16] AndroidManifest.xml:28:17-82
221-->[host.exp.exponent:expo.modules.notifications:0.32.16] AndroidManifest.xml:28:25-79
222                <action android:name="android.intent.action.MY_PACKAGE_REPLACED" />
222-->[host.exp.exponent:expo.modules.notifications:0.32.16] AndroidManifest.xml:29:17-84
222-->[host.exp.exponent:expo.modules.notifications:0.32.16] AndroidManifest.xml:29:25-81
223            </intent-filter>
224        </receiver>
225
226        <activity
226-->[host.exp.exponent:expo.modules.notifications:0.32.16] AndroidManifest.xml:33:9-40:75
227            android:name="expo.modules.notifications.service.NotificationForwarderActivity"
227-->[host.exp.exponent:expo.modules.notifications:0.32.16] AndroidManifest.xml:34:13-92
228            android:excludeFromRecents="true"
228-->[host.exp.exponent:expo.modules.notifications:0.32.16] AndroidManifest.xml:35:13-46
229            android:exported="false"
229-->[host.exp.exponent:expo.modules.notifications:0.32.16] AndroidManifest.xml:36:13-37
230            android:launchMode="standard"
230-->[host.exp.exponent:expo.modules.notifications:0.32.16] AndroidManifest.xml:37:13-42
231            android:noHistory="true"
231-->[host.exp.exponent:expo.modules.notifications:0.32.16] AndroidManifest.xml:38:13-37
232            android:taskAffinity=""
232-->[host.exp.exponent:expo.modules.notifications:0.32.16] AndroidManifest.xml:39:13-36
233            android:theme="@android:style/Theme.Translucent.NoTitleBar" />
233-->[host.exp.exponent:expo.modules.notifications:0.32.16] AndroidManifest.xml:40:13-72
234
235        <service
235-->[androidx.room:room-runtime:2.6.1] AndroidManifest.xml:24:9-28:63
236            android:name="androidx.room.MultiInstanceInvalidationService"
236-->[androidx.room:room-runtime:2.6.1] AndroidManifest.xml:25:13-74
237            android:directBootAware="true"
237-->[androidx.room:room-runtime:2.6.1] AndroidManifest.xml:26:13-43
238            android:exported="false" />
238-->[androidx.room:room-runtime:2.6.1] AndroidManifest.xml:27:13-37
239
240        <receiver
240-->[com.google.firebase:firebase-messaging:24.0.1] AndroidManifest.xml:29:9-40:20
241            android:name="com.google.firebase.iid.FirebaseInstanceIdReceiver"
241-->[com.google.firebase:firebase-messaging:24.0.1] AndroidManifest.xml:30:13-78
242            android:exported="true"
242-->[com.google.firebase:firebase-messaging:24.0.1] AndroidManifest.xml:31:13-36
243            android:permission="com.google.android.c2dm.permission.SEND" >
243-->[com.google.firebase:firebase-messaging:24.0.1] AndroidManifest.xml:32:13-73
244            <intent-filter>
244-->[com.google.firebase:firebase-messaging:24.0.1] AndroidManifest.xml:33:13-35:29
245                <action android:name="com.google.android.c2dm.intent.RECEIVE" />
245-->[com.google.firebase:firebase-messaging:24.0.1] AndroidManifest.xml:34:17-81
245-->[com.google.firebase:firebase-messaging:24.0.1] AndroidManifest.xml:34:25-78
246            </intent-filter>
247
248            <meta-data
248-->[com.google.firebase:firebase-messaging:24.0.1] AndroidManifest.xml:37:13-39:40
249                android:name="com.google.android.gms.cloudmessaging.FINISHED_AFTER_HANDLED"
249-->[com.google.firebase:firebase-messaging:24.0.1] AndroidManifest.xml:38:17-92
250                android:value="true" />
250-->[com.google.firebase:firebase-messaging:24.0.1] AndroidManifest.xml:39:17-37
251        </receiver>
252        <!--
253             FirebaseMessagingService performs security checks at runtime,
254             but set to not exported to explicitly avoid allowing another app to call it.
255        -->
256        <service
256-->[com.google.firebase:firebase-messaging:24.0.1] AndroidManifest.xml:46:9-53:19
257            android:name="com.google.firebase.messaging.FirebaseMessagingService"
257-->[com.google.firebase:firebase-messaging:24.0.1] AndroidManifest.xml:47:13-82
258            android:directBootAware="true"
258-->[com.google.firebase:firebase-messaging:24.0.1] AndroidManifest.xml:48:13-43
259            android:exported="false" >
259-->[com.google.firebase:firebase-messaging:24.0.1] AndroidManifest.xml:49:13-37